#
# There is insufficient memory for the Java Runtime Environment to continue.
# Native memory allocation (mmap) failed to map 50331648 bytes for G1 virtual space
# Possible reasons:
#   The system is out of physical RAM or swap space
#   The process is running with CompressedOops enabled, and the Java Heap may be blocking the growth of the native heap
# Possible solutions:
#   Reduce memory load on the system
#   Increase physical memory or swap space
#   Check if swap backing store is full
#   Decrease Java heap size (-Xmx/-Xms)
#   Decrease number of Java threads
#   Decrease Java thread stack sizes (-Xss)
#   Set larger code cache with -XX:ReservedCodeCacheSize=
#   JVM is running with Unscaled Compressed Oops mode in which the Java heap is
#     placed in the first 4GB address space. The Java Heap base address is the
#     maximum limit for the native heap growth. Please use -XX:HeapBaseMinAddress
#     to set the Java Heap base and to place the Java Heap above 4GB virtual address.
# This output file may be truncated or incomplete.
#
#  Out of Memory Error (os_windows.cpp:3532), pid=5160, tid=13736
#
# JRE version:  (17.0.2+8) (build )
# Java VM: OpenJDK 64-Bit Server VM (17.0.2+8, mixed mode, sharing, tiered, compressed oops, compressed class ptrs, g1 gc, windows-amd64)
# No core dump will be written. Minidumps are not enabled by default on client versions of Windows
#

---------------  S U M M A R Y ------------

Command Line: -Dfile.encoding=Cp1252 -XX:+ShowCodeDetailsInExceptionMessages presentation.BankManagementSystem

Host: Apple Silicon, 4 cores, 2G,  Windows 11 , 64 bit Build 22000 (10.0.22000.613)
Time: Tue May 17 15:19:53 2022 SA Western Standard Time elapsed time: 0.095074 seconds (0d 0h 0m 0s)

---------------  T H R E A D  ---------------

Current thread (0x00000210e6cda590):  JavaThread "Unknown thread" [_thread_in_vm, id=13736, stack(0x0000008e47100000,0x0000008e47200000)]

Stack: [0x0000008e47100000,0x0000008e47200000]
Native frames: (J=compiled Java code, j=interpreted, Vv=VM code, C=native code)
V  [jvm.dll+0x67564a]
V  [jvm.dll+0x82fc04]
V  [jvm.dll+0x8313ae]
V  [jvm.dll+0x831a13]
V  [jvm.dll+0x245235]
V  [jvm.dll+0x672539]
V  [jvm.dll+0x666e82]
V  [jvm.dll+0x30401b]
V  [jvm.dll+0x30b566]
V  [jvm.dll+0x35b1fe]
V  [jvm.dll+0x35b42f]
V  [jvm.dll+0x2daf58]
V  [jvm.dll+0x2dbec4]
V  [jvm.dll+0x801881]
V  [jvm.dll+0x368f81]
V  [jvm.dll+0x7e0cdc]
V  [jvm.dll+0x3eb8bf]
V  [jvm.dll+0x3ed441]
C  [jli.dll+0x5277]
C  [ucrtbase.dll+0x172efc]


---------------  P R O C E S S  ---------------

Threads class SMR info:
_java_thread_list=0x00007fffba5c5e98, length=0, elements={
}

Java Threads: ( => current thread )

Other Threads:
  0x00000210e6d03f70 GCTaskThread "GC Thread#0" [stack: 0x0000008e47200000,0x0000008e47300000] [id=14432]
  0x00000210e6d0aeb0 ConcurrentGCThread "G1 Main Marker" [stack: 0x0000008e47300000,0x0000008e47400000] [id=12228]
  0x00000210e6d0b8c0 ConcurrentGCThread "G1 Conc#0" [stack: 0x0000008e47400000,0x0000008e47500000] [id=12220]

[error occurred during error reporting (printing all threads), id 0xc0000005, EXCEPTION_ACCESS_VIOLATION (0xc0000005) at pc=0x00007fffb9d9b9d7]

VM state: not at safepoint (not fully initialized)

VM Mutex/Monitor currently owned by a thread:  ([mutex/lock_event])
[0x00000210e6cd6ec0] Heap_lock - owner thread: 0x00000210e6cda590

Heap address: 0x00000000d0000000, size: 768 MB, Compressed Oops mode: 32-bit

CDS archive(s) mapped at: [0x0000000000000000-0x0000000000000000-0x0000000000000000), size 0, SharedBaseAddress: 0x0000000800000000, ArchiveRelocationMode: 0.
Narrow klass base: 0x0000000000000000, Narrow klass shift: 0, Narrow klass range: 0x0

GC Precious Log:
<Empty>

Heap:
 garbage-first heap   total 0K, used 0K [0x00000000d0000000, 0x0000000100000000)
  region size 1024K, 0 young (0K), 0 survivors (0K)

[error occurred during error reporting (printing heap information), id 0xc0000005, EXCEPTION_ACCESS_VIOLATION (0xc0000005) at pc=0x00007fffba17e899]

GC Heap History (0 events):
No events

Deoptimization events (0 events):
No events

Classes unloaded (0 events):
No events

Classes redefined (0 events):
No events

Internal exceptions (0 events):
No events

VM Operations (0 events):
No events

Events (1 events):
Event: 0.021 Loaded shared library C:\Users\arifesviryova\.p2\pool\plugins\org.eclipse.justj.openjdk.hotspot.jre.full.win32.x86_64_17.0.2.v20220201-1208\jre\bin\java.dll


Dynamic libraries:
0x00007ff7f9cf0000 - 0x00007ff7f9cfe000 	C:\Users\arifesviryova\.p2\pool\plugins\org.eclipse.justj.openjdk.hotspot.jre.full.win32.x86_64_17.0.2.v20220201-1208\jre\bin\javaw.exe
0x00007ff81c6d0000 - 0x00007ff81cac6000 	C:\Windows\SYSTEM32\ntdll.dll
0x00007ff81a4b0000 - 0x00007ff81a5a4000 	C:\Windows\System32\xtajit64.dll
0x00007ff819c00000 - 0x00007ff819d5f000 	C:\Windows\System32\KERNEL32.DLL
0x00007ff818790000 - 0x00007ff818d80000 	C:\Windows\System32\KERNELBASE.dll
0x00007ff817c90000 - 0x00007ff817d68000 	C:\Windows\SYSTEM32\apphelp.dll
0x00007ff818370000 - 0x00007ff818564000 	C:\Windows\System32\ucrtbase.dll
0x00007ff80f880000 - 0x00007ff80f898000 	C:\Users\arifesviryova\.p2\pool\plugins\org.eclipse.justj.openjdk.hotspot.jre.full.win32.x86_64_17.0.2.v20220201-1208\jre\bin\jli.dll
0x00007ff807420000 - 0x00007ff807439000 	C:\Users\arifesviryova\.p2\pool\plugins\org.eclipse.justj.openjdk.hotspot.jre.full.win32.x86_64_17.0.2.v20220201-1208\jre\bin\VCRUNTIME140.dll
0x00007ff81a6f0000 - 0x00007ff81a956000 	C:\Windows\System32\USER32.dll
0x00007ff804260000 - 0x00007ff8046cf000 	C:\Windows\WinSxS\arm64_microsoft.windows.common-controls_6595b64144ccf1df_6.0.22000.348_none_9d9c77aab8658b53\COMCTL32.dll
0x00007ff818310000 - 0x00007ff81836c000 	C:\Windows\System32\win32u.dll
0x00007ff819e90000 - 0x00007ff819fcf000 	C:\Windows\System32\msvcrt.dll
0x00007ff81a380000 - 0x00007ff81a3d9000 	C:\Windows\System32\GDI32.dll
0x00007ff818130000 - 0x00007ff818306000 	C:\Windows\System32\gdi32full.dll
0x00007ff817fe0000 - 0x00007ff81812c000 	C:\Windows\System32\msvcp_win.dll
0x00007ff819730000 - 0x00007ff819783000 	C:\Windows\System32\IMM32.DLL
0x00007ff812450000 - 0x00007ff81245c000 	C:\Users\arifesviryova\.p2\pool\plugins\org.eclipse.justj.openjdk.hotspot.jre.full.win32.x86_64_17.0.2.v20220201-1208\jre\bin\vcruntime140_1.dll
0x00007ffffbef0000 - 0x00007ffffbf81000 	C:\Users\arifesviryova\.p2\pool\plugins\org.eclipse.justj.openjdk.hotspot.jre.full.win32.x86_64_17.0.2.v20220201-1208\jre\bin\msvcp140.dll
0x00007fffb9ab0000 - 0x00007fffba6f7000 	C:\Users\arifesviryova\.p2\pool\plugins\org.eclipse.justj.openjdk.hotspot.jre.full.win32.x86_64_17.0.2.v20220201-1208\jre\bin\server\jvm.dll
0x00007ff81a5b0000 - 0x00007ff81a6e9000 	C:\Windows\System32\ADVAPI32.dll
0x00007ff819fd0000 - 0x00007ff81a0ef000 	C:\Windows\System32\sechost.dll
0x00007ff81c4a0000 - 0x00007ff81c6c4000 	C:\Windows\System32\RPCRT4.dll
0x00007ff819340000 - 0x00007ff81934e000 	C:\Windows\System32\PSAPI.DLL
0x00007ff80f5a0000 - 0x00007ff80f5b2000 	C:\Windows\SYSTEM32\WSOCK32.dll
0x00007ff80f540000 - 0x00007ff80f59e000 	C:\Windows\SYSTEM32\WINMM.dll
0x00007ff81a3e0000 - 0x00007ff81a4a6000 	C:\Windows\System32\WS2_32.dll
0x00007ff807480000 - 0x00007ff807495000 	C:\Windows\SYSTEM32\VERSION.dll
0x00007ff816470000 - 0x00007ff81649d000 	C:\Windows\SYSTEM32\kernel.appcore.dll
0x00007ff810240000 - 0x00007ff81024a000 	C:\Users\arifesviryova\.p2\pool\plugins\org.eclipse.justj.openjdk.hotspot.jre.full.win32.x86_64_17.0.2.v20220201-1208\jre\bin\jimage.dll
0x00007ff808140000 - 0x00007ff80854c000 	C:\Windows\SYSTEM32\DBGHELP.DLL
0x00007ff806ea0000 - 0x00007ff806ef9000 	C:\Windows\SYSTEM32\dbgcore.DLL
0x00007ff8186b0000 - 0x00007ff818782000 	C:\Windows\System32\bcryptPrimitives.dll
0x00007ff8073f0000 - 0x00007ff807415000 	C:\Users\arifesviryova\.p2\pool\plugins\org.eclipse.justj.openjdk.hotspot.jre.full.win32.x86_64_17.0.2.v20220201-1208\jre\bin\java.dll

dbghelp: loaded successfully - version: 4.0.5 - missing functions: none
symbol engine: initialized successfully - sym options: 0x614 - pdb path: .;C:\Users\arifesviryova\.p2\pool\plugins\org.eclipse.justj.openjdk.hotspot.jre.full.win32.x86_64_17.0.2.v20220201-1208\jre\bin;C:\Windows\SYSTEM32;C:\Windows\WinSxS\arm64_microsoft.windows.common-controls_6595b64144ccf1df_6.0.22000.348_none_9d9c77aab8658b53;C:\Users\arifesviryova\.p2\pool\plugins\org.eclipse.justj.openjdk.hotspot.jre.full.win32.x86_64_17.0.2.v20220201-1208\jre\bin\server

VM Arguments:
jvm_args: -Dfile.encoding=Cp1252 -XX:+ShowCodeDetailsInExceptionMessages 
java_command: presentation.BankManagementSystem
java_class_path (initial): C:\Users\arifesviryova\eclipse-workspace\BankManagementSystem\target\classes;C:\Users\arifesviryova\.m2\repository\org\postgresql\postgresql\42.2.14\postgresql-42.2.14.jar
Launcher Type: SUN_STANDARD

[Global flags]
     intx CICompilerCount                          = 3                                         {product} {ergonomic}
     uint ConcGCThreads                            = 1                                         {product} {ergonomic}
     uint G1ConcRefinementThreads                  = 4                                         {product} {ergonomic}
   size_t G1HeapRegionSize                         = 1048576                                   {product} {ergonomic}
    uintx GCDrainStackTargetSize                   = 64                                        {product} {ergonomic}
   size_t InitialHeapSize                          = 50331648                                  {product} {ergonomic}
   size_t MarkStackSize                            = 4194304                                   {product} {ergonomic}
   size_t MaxHeapSize                              = 805306368                                 {product} {ergonomic}
   size_t MinHeapDeltaBytes                        = 1048576                                   {product} {ergonomic}
   size_t MinHeapSize                              = 8388608                                   {product} {ergonomic}
    uintx NonNMethodCodeHeapSize                   = 5832780                                {pd product} {ergonomic}
    uintx NonProfiledCodeHeapSize                  = 122912730                              {pd product} {ergonomic}
    uintx ProfiledCodeHeapSize                     = 122912730                              {pd product} {ergonomic}
    uintx ReservedCodeCacheSize                    = 251658240                              {pd product} {ergonomic}
     bool SegmentedCodeCache                       = true                                      {product} {ergonomic}
     bool ShowCodeDetailsInExceptionMessages       = true                                   {manageable} {command line}
   size_t SoftMaxHeapSize                          = 805306368                              {manageable} {ergonomic}
     bool UseCompressedClassPointers               = true                           {product lp64_product} {ergonomic}
     bool UseCompressedOops                        = true                           {product lp64_product} {ergonomic}
     bool UseG1GC                                  = true                                      {product} {ergonomic}
     bool UseLargePagesIndividualAllocation        = false                                  {pd product} {ergonomic}

Logging:
Log output configuration:
 #0: stdout all=warning uptime,level,tags
 #1: stderr all=off uptime,level,tags

Environment Variables:
PATH=C:/Users/arifesviryova/.p2/pool/plugins/org.eclipse.justj.openjdk.hotspot.jre.full.win32.x86_64_17.0.2.v20220201-1208/jre/bin/server;C:/Users/arifesviryova/.p2/pool/plugins/org.eclipse.justj.openjdk.hotspot.jre.full.win32.x86_64_17.0.2.v20220201-1208/jre/bin;C:\Program Files\Common Files\Oracle\Java\javapath;C:\Program Files\Parallels\Parallels Tools\Applications;C:\Windows\system32;C:\Windows;C:\Windows\System32\Wbem;C:\Windows\System32\WindowsPowerShell\v1.0\;C:\Windows\System32\OpenSSH\;C:\Program Files\Git\cmd;C:\Users\arifesviryova\AppData\Local\Microsoft\WindowsApps;;\\Mac\Home\Desktop;
USERNAME=arifesviryova
OS=Windows_NT
PROCESSOR_IDENTIFIER=ARMv8 (64-bit) Family 8 Model 0 Revision   0,  



---------------  S Y S T E M  ---------------

OS:
 Windows 11 , 64 bit Build 22000 (10.0.22000.613)
OS uptime: 4 days 17:55 hours

CPU: total 4 (initial active 4) (1 cores per cpu, 4 threads per core) family 15 model 4 stepping 10 microcode 0x0, cx8, cmov, fxsr, ht, mmx, sse, sse2, sse3, ssse3, sse4.1, sse4.2, popcnt, tsc, tscinvbit, aes, clmul, clflush

Memory: 4k page, system-wide physical 3066M (95M free)
TotalPageFile size 12282M (AvailPageFile size 27M)
current process WorkingSet (physical memory assigned to process): 17M, peak: 17M
current process commit charge ("private bytes"): 57M, peak: 104M

vm_info: OpenJDK 64-Bit Server VM (17.0.2+8) for windows-amd64 JRE (17.0.2+8), built on Jan 20 2022 04:52:34 by "" with MS VC++ 16.7 (VS2019)

END.
